# JRE version: OpenJDK Runtime Environment (8.0_191-b12) (build 1.8.0_191-8u191-b12-0ubuntu0.16.04.1-b12)
# Java VM: OpenJDK 64-Bit Server VM (25.191-b12 mixed mode linux-amd64 compressed oops)
Heap:
 PSYoungGen      total 68096K, used 5090K [0x00000000eb800000, 0x00000000f0000000, 0x0000000100000000)
  eden space 62976K, 0% used [0x00000000eb800000,0x00000000eb800000,0x00000000ef580000)
  from space 5120K, 99% used [0x00000000ef580000,0x00000000efa78a90,0x00000000efa80000)
  to   space 4608K, 0% used [0x00000000efa80000,0x00000000efa80000,0x00000000eff00000)
 ParOldGen       total 42496K, used 8047K [0x00000000c2800000, 0x00000000c5180000, 0x00000000eb800000)
  object space 42496K, 18% used [0x00000000c2800000,0x00000000c2fdbe40,0x00000000c5180000)
 Metaspace       used 19295K, capacity 19466K, committed 19712K, reserved 1067008K
  class space    used 2219K, capacity 2281K, committed 2304K, reserved 1048576K
GC Heap History (10 events):
Event: 1.436 GC heap after
Heap after GC invocations=2 (full 0):
 PSYoungGen      total 18432K, used 2550K [0x00000000eb800000, 0x00000000edc00000, 0x0000000100000000)
  eden space 15872K, 0% used [0x00000000eb800000,0x00000000eb800000,0x00000000ec780000)
  from space 2560K, 99% used [0x00000000eca00000,0x00000000ecc7dbe0,0x00000000ecc80000)
  to   space 2560K, 0% used [0x00000000ec780000,0x00000000ec780000,0x00000000eca00000)
 ParOldGen       total 42496K, used 1290K [0x00000000c2800000, 0x00000000c5180000, 0x00000000eb800000)
  object space 42496K, 3% used [0x00000000c2800000,0x00000000c29428d8,0x00000000c5180000)
 Metaspace       used 7711K, capacity 7830K, committed 7936K, reserved 1056768K
  class space    used 902K, capacity 945K, committed 1024K, reserved 1048576K
}
Event: 1.807 GC heap before
{Heap before GC invocations=3 (full 0):
 PSYoungGen      total 18432K, used 18422K [0x00000000eb800000, 0x00000000edc00000, 0x0000000100000000)
  eden space 15872K, 100% used [0x00000000eb800000,0x00000000ec780000,0x00000000ec780000)
  from space 2560K, 99% used [0x00000000eca00000,0x00000000ecc7dbe0,0x00000000ecc80000)
  to   space 2560K, 0% used [0x00000000ec780000,0x00000000ec780000,0x00000000eca00000)
 ParOldGen       total 42496K, used 1290K [0x00000000c2800000, 0x00000000c5180000, 0x00000000eb800000)
  object space 42496K, 3% used [0x00000000c2800000,0x00000000c29428d8,0x00000000c5180000)
 Metaspace       used 9374K, capacity 9570K, committed 9728K, reserved 1058816K
  class space    used 1110K, capacity 1159K, committed 1280K, reserved 1048576K
Event: 1.817 GC heap after
Heap after GC invocations=3 (full 0):
 PSYoungGen      total 18432K, used 2529K [0x00000000eb800000, 0x00000000edc00000, 0x0000000100000000)
  eden space 15872K, 0% used [0x00000000eb800000,0x00000000eb800000,0x00000000ec780000)
  from space 2560K, 98% used [0x00000000ec780000,0x00000000ec9f8580,0x00000000eca00000)
  to   space 2560K, 0% used [0x00000000ed980000,0x00000000ed980000,0x00000000edc00000)
 ParOldGen       total 42496K, used 2029K [0x00000000c2800000, 0x00000000c5180000, 0x00000000eb800000)
  object space 42496K, 4% used [0x00000000c2800000,0x00000000c29fb6d8,0x00000000c5180000)
 Metaspace       used 9374K, capacity 9570K, committed 9728K, reserved 1058816K
  class space    used 1110K, capacity 1159K, committed 1280K, reserved 1048576K
}
Event: 2.077 GC heap before
{Heap before GC invocations=4 (full 0):
 PSYoungGen      total 18432K, used 18401K [0x00000000eb800000, 0x00000000edc00000, 0x0000000100000000)
  eden space 15872K, 100% used [0x00000000eb800000,0x00000000ec780000,0x00000000ec780000)
  from space 2560K, 98% used [0x00000000ec780000,0x00000000ec9f8580,0x00000000eca00000)
  to   space 2560K, 0% used [0x00000000ed980000,0x00000000ed980000,0x00000000edc00000)
 ParOldGen       total 42496K, used 2029K [0x00000000c2800000, 0x00000000c5180000, 0x00000000eb800000)
  object space 42496K, 4% used [0x00000000c2800000,0x00000000c29fb6d8,0x00000000c5180000)
 Metaspace       used 10286K, capacity 10472K, committed 10624K, reserved 1058816K
  class space    used 1215K, capacity 1288K, committed 1408K, reserved 1048576K
Event: 2.090 GC heap after
Heap after GC invocations=4 (full 0):
 PSYoungGen      total 34304K, used 2528K [0x00000000eb800000, 0x00000000edc00000, 0x0000000100000000)
  eden space 31744K, 0% used [0x00000000eb800000,0x00000000eb800000,0x00000000ed700000)
  from space 2560K, 98% used [0x00000000ed980000,0x00000000edbf82a0,0x00000000edc00000)
  to   space 2560K, 0% used [0x00000000ed700000,0x00000000ed700000,0x00000000ed980000)
 ParOldGen       total 42496K, used 3005K [0x00000000c2800000, 0x00000000c5180000, 0x00000000eb800000)
  object space 42496K, 7% used [0x00000000c2800000,0x00000000c2aef738,0x00000000c5180000)
 Metaspace       used 10286K, capacity 10472K, committed 10624K, reserved 1058816K
  class space    used 1215K, capacity 1288K, committed 1408K, reserved 1048576K
}
Event: 2.661 GC heap before
{Heap before GC invocations=5 (full 0):
 PSYoungGen      total 34304K, used 34272K [0x00000000eb800000, 0x00000000edc00000, 0x0000000100000000)
  eden space 31744K, 100% used [0x00000000eb800000,0x00000000ed700000,0x00000000ed700000)
  from space 2560K, 98% used [0x00000000ed980000,0x00000000edbf82a0,0x00000000edc00000)
  to   space 2560K, 0% used [0x00000000ed700000,0x00000000ed700000,0x00000000ed980000)
 ParOldGen       total 42496K, used 3005K [0x00000000c2800000, 0x00000000c5180000, 0x00000000eb800000)
  object space 42496K, 7% used [0x00000000c2800000,0x00000000c2aef738,0x00000000c5180000)
 Metaspace       used 12807K, capacity 13002K, committed 13184K, reserved 1060864K
  class space    used 1489K, capacity 1577K, committed 1664K, reserved 1048576K
Event: 2.673 GC heap after
Heap after GC invocations=5 (full 0):
 PSYoungGen      total 34304K, used 2528K [0x00000000eb800000, 0x00000000eff00000, 0x0000000100000000)
  eden space 31744K, 0% used [0x00000000eb800000,0x00000000eb800000,0x00000000ed700000)
  from space 2560K, 98% used [0x00000000ed700000,0x00000000ed978290,0x00000000ed980000)
  to   space 4608K, 0% used [0x00000000efa80000,0x00000000efa80000,0x00000000eff00000)
 ParOldGen       total 42496K, used 5158K [0x00000000c2800000, 0x00000000c5180000, 0x00000000eb800000)
  object space 42496K, 12% used [0x00000000c2800000,0x00000000c2d09b40,0x00000000c5180000)
 Metaspace       used 12807K, capacity 13002K, committed 13184K, reserved 1060864K
  class space    used 1489K, capacity 1577K, committed 1664K, reserved 1048576K
}
Event: 3.170 GC heap before
{Heap before GC invocations=6 (full 0):
 PSYoungGen      total 34304K, used 34272K [0x00000000eb800000, 0x00000000eff00000, 0x0000000100000000)
  eden space 31744K, 100% used [0x00000000eb800000,0x00000000ed700000,0x00000000ed700000)
  from space 2560K, 98% used [0x00000000ed700000,0x00000000ed978290,0x00000000ed980000)
  to   space 4608K, 0% used [0x00000000efa80000,0x00000000efa80000,0x00000000eff00000)
 ParOldGen       total 42496K, used 5158K [0x00000000c2800000, 0x00000000c5180000, 0x00000000eb800000)
  object space 42496K, 12% used [0x00000000c2800000,0x00000000c2d09b40,0x00000000c5180000)
 Metaspace       used 15014K, capacity 15210K, committed 15488K, reserved 1062912K
  class space    used 1714K, capacity 1801K, committed 1920K, reserved 1048576K
Event: 3.200 GC heap after
Heap after GC invocations=6 (full 0):
 PSYoungGen      total 67584K, used 4586K [0x00000000eb800000, 0x00000000f0000000, 0x0000000100000000)
  eden space 62976K, 0% used [0x00000000eb800000,0x00000000eb800000,0x00000000ef580000)
  from space 4608K, 99% used [0x00000000efa80000,0x00000000efefa910,0x00000000eff00000)
  to   space 5120K, 0% used [0x00000000ef580000,0x00000000ef580000,0x00000000efa80000)
 ParOldGen       total 42496K, used 5617K [0x00000000c2800000, 0x00000000c5180000, 0x00000000eb800000)
  object space 42496K, 13% used [0x00000000c2800000,0x00000000c2d7c6d0,0x00000000c5180000)
 Metaspace       used 15014K, capacity 15210K, committed 15488K, reserved 1062912K
  class space    used 1714K, capacity 1801K, committed 1920K, reserved 1048576K
}
Event: 5.193 GC heap before
{Heap before GC invocations=7 (full 0):
 PSYoungGen      total 67584K, used 67562K [0x00000000eb800000, 0x00000000f0000000, 0x0000000100000000)
  eden space 62976K, 100% used [0x00000000eb800000,0x00000000ef580000,0x00000000ef580000)
  from space 4608K, 99% used [0x00000000efa80000,0x00000000efefa910,0x00000000eff00000)
  to   space 5120K, 0% used [0x00000000ef580000,0x00000000ef580000,0x00000000efa80000)
 ParOldGen       total 42496K, used 5617K [0x00000000c2800000, 0x00000000c5180000, 0x00000000eb800000)
  object space 42496K, 13% used [0x00000000c2800000,0x00000000c2d7c6d0,0x00000000c5180000)
 Metaspace       used 19295K, capacity 19466K, committed 19712K, reserved 1067008K
  class space    used 2219K, capacity 2281K, committed 2304K, reserved 1048576K

