# JRE version: OpenJDK Runtime Environment (8.0_191-b12) (build 1.8.0_191-8u191-b12-0ubuntu0.16.04.1-b12)
# Java VM: OpenJDK 64-Bit Server VM (25.191-b12 mixed mode linux-amd64 compressed oops)
Heap:
 PSYoungGen      total 68096K, used 5622K [0x00000000eb800000, 0x00000000f0100000, 0x0000000100000000)
  eden space 62464K, 0% used [0x00000000eb800000,0x00000000eb800000,0x00000000ef500000)
  from space 5632K, 99% used [0x00000000ef500000,0x00000000efa7d8c8,0x00000000efa80000)
  to   space 4608K, 0% used [0x00000000efa80000,0x00000000efa80000,0x00000000eff00000)
 ParOldGen       total 42496K, used 7394K [0x00000000c2800000, 0x00000000c5180000, 0x00000000eb800000)
  object space 42496K, 17% used [0x00000000c2800000,0x00000000c2f389f8,0x00000000c5180000)
 Metaspace       used 19294K, capacity 19450K, committed 19712K, reserved 1067008K
  class space    used 2216K, capacity 2281K, committed 2304K, reserved 1048576K
GC Heap History (10 events):
Event: 1.976 GC heap after
Heap after GC invocations=2 (full 0):
 PSYoungGen      total 18432K, used 2550K [0x00000000eb800000, 0x00000000edc00000, 0x0000000100000000)
  eden space 15872K, 0% used [0x00000000eb800000,0x00000000eb800000,0x00000000ec780000)
  from space 2560K, 99% used [0x00000000eca00000,0x00000000ecc7dbe0,0x00000000ecc80000)
  to   space 2560K, 0% used [0x00000000ec780000,0x00000000ec780000,0x00000000eca00000)
 ParOldGen       total 42496K, used 1293K [0x00000000c2800000, 0x00000000c5180000, 0x00000000eb800000)
  object space 42496K, 3% used [0x00000000c2800000,0x00000000c2943770,0x00000000c5180000)
 Metaspace       used 7731K, capacity 7878K, committed 8192K, reserved 1056768K
  class space    used 902K, capacity 945K, committed 1024K, reserved 1048576K
}
Event: 2.416 GC heap before
{Heap before GC invocations=3 (full 0):
 PSYoungGen      total 18432K, used 18422K [0x00000000eb800000, 0x00000000edc00000, 0x0000000100000000)
  eden space 15872K, 100% used [0x00000000eb800000,0x00000000ec780000,0x00000000ec780000)
  from space 2560K, 99% used [0x00000000eca00000,0x00000000ecc7dbe0,0x00000000ecc80000)
  to   space 2560K, 0% used [0x00000000ec780000,0x00000000ec780000,0x00000000eca00000)
 ParOldGen       total 42496K, used 1293K [0x00000000c2800000, 0x00000000c5180000, 0x00000000eb800000)
  object space 42496K, 3% used [0x00000000c2800000,0x00000000c2943770,0x00000000c5180000)
 Metaspace       used 9401K, capacity 9554K, committed 9728K, reserved 1058816K
  class space    used 1111K, capacity 1159K, committed 1280K, reserved 1048576K
Event: 2.422 GC heap after
Heap after GC invocations=3 (full 0):
 PSYoungGen      total 18432K, used 2529K [0x00000000eb800000, 0x00000000edc00000, 0x0000000100000000)
  eden space 15872K, 0% used [0x00000000eb800000,0x00000000eb800000,0x00000000ec780000)
  from space 2560K, 98% used [0x00000000ec780000,0x00000000ec9f8580,0x00000000eca00000)
  to   space 2560K, 0% used [0x00000000ed980000,0x00000000ed980000,0x00000000edc00000)
 ParOldGen       total 42496K, used 2041K [0x00000000c2800000, 0x00000000c5180000, 0x00000000eb800000)
  object space 42496K, 4% used [0x00000000c2800000,0x00000000c29fe570,0x00000000c5180000)
 Metaspace       used 9401K, capacity 9554K, committed 9728K, reserved 1058816K
  class space    used 1111K, capacity 1159K, committed 1280K, reserved 1048576K
}
Event: 2.663 GC heap before
{Heap before GC invocations=4 (full 0):
 PSYoungGen      total 18432K, used 18401K [0x00000000eb800000, 0x00000000edc00000, 0x0000000100000000)
  eden space 15872K, 100% used [0x00000000eb800000,0x00000000ec780000,0x00000000ec780000)
  from space 2560K, 98% used [0x00000000ec780000,0x00000000ec9f8580,0x00000000eca00000)
  to   space 2560K, 0% used [0x00000000ed980000,0x00000000ed980000,0x00000000edc00000)
 ParOldGen       total 42496K, used 2041K [0x00000000c2800000, 0x00000000c5180000, 0x00000000eb800000)
  object space 42496K, 4% used [0x00000000c2800000,0x00000000c29fe570,0x00000000c5180000)
 Metaspace       used 10307K, capacity 10520K, committed 10880K, reserved 1058816K
  class space    used 1217K, capacity 1288K, committed 1408K, reserved 1048576K
Event: 2.677 GC heap after
Heap after GC invocations=4 (full 0):
 PSYoungGen      total 34304K, used 2544K [0x00000000eb800000, 0x00000000edc00000, 0x0000000100000000)
  eden space 31744K, 0% used [0x00000000eb800000,0x00000000eb800000,0x00000000ed700000)
  from space 2560K, 99% used [0x00000000ed980000,0x00000000edbfc290,0x00000000edc00000)
  to   space 2560K, 0% used [0x00000000ed700000,0x00000000ed700000,0x00000000ed980000)
 ParOldGen       total 42496K, used 3006K [0x00000000c2800000, 0x00000000c5180000, 0x00000000eb800000)
  object space 42496K, 7% used [0x00000000c2800000,0x00000000c2aef8e8,0x00000000c5180000)
 Metaspace       used 10307K, capacity 10520K, committed 10880K, reserved 1058816K
  class space    used 1217K, capacity 1288K, committed 1408K, reserved 1048576K
}
Event: 3.230 GC heap before
{Heap before GC invocations=5 (full 0):
 PSYoungGen      total 34304K, used 34288K [0x00000000eb800000, 0x00000000edc00000, 0x0000000100000000)
  eden space 31744K, 100% used [0x00000000eb800000,0x00000000ed700000,0x00000000ed700000)
  from space 2560K, 99% used [0x00000000ed980000,0x00000000edbfc290,0x00000000edc00000)
  to   space 2560K, 0% used [0x00000000ed700000,0x00000000ed700000,0x00000000ed980000)
 ParOldGen       total 42496K, used 3006K [0x00000000c2800000, 0x00000000c5180000, 0x00000000eb800000)
  object space 42496K, 7% used [0x00000000c2800000,0x00000000c2aef8e8,0x00000000c5180000)
 Metaspace       used 12835K, capacity 13050K, committed 13440K, reserved 1060864K
  class space    used 1489K, capacity 1577K, committed 1664K, reserved 1048576K
Event: 3.240 GC heap after
Heap after GC invocations=5 (full 0):
 PSYoungGen      total 34304K, used 2528K [0x00000000eb800000, 0x00000000eff00000, 0x0000000100000000)
  eden space 31744K, 0% used [0x00000000eb800000,0x00000000eb800000,0x00000000ed700000)
  from space 2560K, 98% used [0x00000000ed700000,0x00000000ed978290,0x00000000ed980000)
  to   space 4608K, 0% used [0x00000000efa80000,0x00000000efa80000,0x00000000eff00000)
 ParOldGen       total 42496K, used 5205K [0x00000000c2800000, 0x00000000c5180000, 0x00000000eb800000)
  object space 42496K, 12% used [0x00000000c2800000,0x00000000c2d156f8,0x00000000c5180000)
 Metaspace       used 12835K, capacity 13050K, committed 13440K, reserved 1060864K
  class space    used 1489K, capacity 1577K, committed 1664K, reserved 1048576K
}
Event: 3.702 GC heap before
{Heap before GC invocations=6 (full 0):
 PSYoungGen      total 34304K, used 34272K [0x00000000eb800000, 0x00000000eff00000, 0x0000000100000000)
  eden space 31744K, 100% used [0x00000000eb800000,0x00000000ed700000,0x00000000ed700000)
  from space 2560K, 98% used [0x00000000ed700000,0x00000000ed978290,0x00000000ed980000)
  to   space 4608K, 0% used [0x00000000efa80000,0x00000000efa80000,0x00000000eff00000)
 ParOldGen       total 42496K, used 5205K [0x00000000c2800000, 0x00000000c5180000, 0x00000000eb800000)
  object space 42496K, 12% used [0x00000000c2800000,0x00000000c2d156f8,0x00000000c5180000)
 Metaspace       used 15040K, capacity 15258K, committed 15488K, reserved 1062912K
  class space    used 1714K, capacity 1801K, committed 1920K, reserved 1048576K
Event: 3.710 GC heap after
Heap after GC invocations=6 (full 0):
 PSYoungGen      total 67072K, used 4604K [0x00000000eb800000, 0x00000000f0100000, 0x0000000100000000)
  eden space 62464K, 0% used [0x00000000eb800000,0x00000000eb800000,0x00000000ef500000)
  from space 4608K, 99% used [0x00000000efa80000,0x00000000efeff2c0,0x00000000eff00000)
  to   space 5632K, 0% used [0x00000000ef500000,0x00000000ef500000,0x00000000efa80000)
 ParOldGen       total 42496K, used 5644K [0x00000000c2800000, 0x00000000c5180000, 0x00000000eb800000)
  object space 42496K, 13% used [0x00000000c2800000,0x00000000c2d83290,0x00000000c5180000)
 Metaspace       used 15040K, capacity 15258K, committed 15488K, reserved 1062912K
  class space    used 1714K, capacity 1801K, committed 1920K, reserved 1048576K
}
Event: 4.563 GC heap before
{Heap before GC invocations=7 (full 0):
 PSYoungGen      total 67072K, used 67068K [0x00000000eb800000, 0x00000000f0100000, 0x0000000100000000)
  eden space 62464K, 100% used [0x00000000eb800000,0x00000000ef500000,0x00000000ef500000)
  from space 4608K, 99% used [0x00000000efa80000,0x00000000efeff2c0,0x00000000eff00000)
  to   space 5632K, 0% used [0x00000000ef500000,0x00000000ef500000,0x00000000efa80000)
 ParOldGen       total 42496K, used 5644K [0x00000000c2800000, 0x00000000c5180000, 0x00000000eb800000)
  object space 42496K, 13% used [0x00000000c2800000,0x00000000c2d83290,0x00000000c5180000)
 Metaspace       used 19294K, capacity 19450K, committed 19712K, reserved 1067008K
  class space    used 2216K, capacity 2281K, committed 2304K, reserved 1048576K

